<?xml version="1.0" encoding="UTF-8"?>
<!-- Generated by org.testng.reporters.JUnitReportReporter -->
<testsuite hostname="Sakshi-Chauhans-MacBook-Pro.local" failures="0" tests="1" name="scripts.TestMakePayment" time="4.911" errors="0" timestamp="28 Oct 2020 15:12:15 GMT" skipped="0">
  <testcase classname="scripts.TestMakePayment" name="testMakePayment" time="4.911"/>
</testsuite> <!-- scripts.TestMakePayment -->
