<?xml version="1.0" encoding="UTF-8"?>
<!-- Generated by org.testng.reporters.JUnitReportReporter -->
<testsuite hostname="Sakshi-Chauhans-MacBook-Pro.local" failures="0" tests="1" name="scripts.TestValidLogin" time="16.966" errors="0" timestamp="28 Oct 2020 15:12:15 GMT" skipped="0">
  <testcase classname="scripts.TestValidLogin" name="testValidLogin" time="16.966"/>
</testsuite> <!-- scripts.TestValidLogin -->
