<?xml version="1.0" encoding="UTF-8"?>
<!-- Generated by org.testng.reporters.JUnitReportReporter -->
<testsuite hostname="Sakshi-Chauhans-MacBook-Pro.local" failures="0" tests="1" name="scripts.TestCreateAccount" time="22.697" errors="0" timestamp="15 Oct 2020 18:40:11 GMT" skipped="0">
  <testcase classname="scripts.TestCreateAccount" name="testCreateAccount" time="22.697"/>
</testsuite> <!-- scripts.TestCreateAccount -->
